<?xml version="1.0" encoding="UTF-8"?>
<testsuite xmlns:xsi="http://www.w3.org/2001/XMLSchema-instance" xsi:noNamespaceSchemaLocation="https://maven.apache.org/surefire/maven-surefire-plugin/xsd/surefire-test-report.xsd" name="com.test.csq.CsqApplicationTests" time="5.245" tests="1" errors="0" skipped="0" failures="0">
  <properties>
    <property name="sun.desktop" value="windows"/>
    <property name="awt.toolkit" value="sun.awt.windows.WToolkit"/>
    <property name="file.encoding.pkg" value="sun.io"/>
    <property name="java.specification.version" value="1.8"/>
    <property name="sun.cpu.isalist" value="amd64"/>
    <property name="sun.jnu.encoding" value="GBK"/>
    <property name="java.class.path" value="E:\project\target\test-classes;E:\project\target\classes;D:\software\apache-maven-3.8.2\mvn_repository\org\springframework\boot\spring-boot-starter-data-redis\2.6.2\spring-boot-starter-data-redis-2.6.2.jar;D:\software\apache-maven-3.8.2\mvn_repository\org\springframework\boot\spring-boot-starter\2.6.2\spring-boot-starter-2.6.2.jar;D:\software\apache-maven-3.8.2\mvn_repository\org\springframework\boot\spring-boot-starter-logging\2.6.2\spring-boot-starter-logging-2.6.2.jar;D:\software\apache-maven-3.8.2\mvn_repository\ch\qos\logback\logback-classic\1.2.9\logback-classic-1.2.9.jar;D:\software\apache-maven-3.8.2\mvn_repository\ch\qos\logback\logback-core\1.2.9\logback-core-1.2.9.jar;D:\software\apache-maven-3.8.2\mvn_repository\org\apache\logging\log4j\log4j-to-slf4j\2.17.0\log4j-to-slf4j-2.17.0.jar;D:\software\apache-maven-3.8.2\mvn_repository\org\apache\logging\log4j\log4j-api\2.17.0\log4j-api-2.17.0.jar;D:\software\apache-maven-3.8.2\mvn_repository\org\slf4j\jul-to-slf4j\1.7.32\jul-to-slf4j-1.7.32.jar;D:\software\apache-maven-3.8.2\mvn_repository\jakarta\annotation\jakarta.annotation-api\1.3.5\jakarta.annotation-api-1.3.5.jar;D:\software\apache-maven-3.8.2\mvn_repository\org\yaml\snakeyaml\1.29\snakeyaml-1.29.jar;D:\software\apache-maven-3.8.2\mvn_repository\io\lettuce\lettuce-core\6.1.5.RELEASE\lettuce-core-6.1.5.RELEASE.jar;D:\software\apache-maven-3.8.2\mvn_repository\io\netty\netty-common\4.1.72.Final\netty-common-4.1.72.Final.jar;D:\software\apache-maven-3.8.2\mvn_repository\io\netty\netty-handler\4.1.72.Final\netty-handler-4.1.72.Final.jar;D:\software\apache-maven-3.8.2\mvn_repository\io\netty\netty-resolver\4.1.72.Final\netty-resolver-4.1.72.Final.jar;D:\software\apache-maven-3.8.2\mvn_repository\io\netty\netty-buffer\4.1.72.Final\netty-buffer-4.1.72.Final.jar;D:\software\apache-maven-3.8.2\mvn_repository\io\netty\netty-codec\4.1.72.Final\netty-codec-4.1.72.Final.jar;D:\software\apache-maven-3.8.2\mvn_repository\io\netty\netty-tcnative-classes\2.0.46.Final\netty-tcnative-classes-2.0.46.Final.jar;D:\software\apache-maven-3.8.2\mvn_repository\io\netty\netty-transport\4.1.72.Final\netty-transport-4.1.72.Final.jar;D:\software\apache-maven-3.8.2\mvn_repository\io\projectreactor\reactor-core\3.4.13\reactor-core-3.4.13.jar;D:\software\apache-maven-3.8.2\mvn_repository\org\reactivestreams\reactive-streams\1.0.3\reactive-streams-1.0.3.jar;D:\software\apache-maven-3.8.2\mvn_repository\org\mybatis\spring\boot\mybatis-spring-boot-starter\2.2.1\mybatis-spring-boot-starter-2.2.1.jar;D:\software\apache-maven-3.8.2\mvn_repository\org\springframework\boot\spring-boot-starter-jdbc\2.6.2\spring-boot-starter-jdbc-2.6.2.jar;D:\software\apache-maven-3.8.2\mvn_repository\com\zaxxer\HikariCP\4.0.3\HikariCP-4.0.3.jar;D:\software\apache-maven-3.8.2\mvn_repository\org\springframework\spring-jdbc\5.3.14\spring-jdbc-5.3.14.jar;D:\software\apache-maven-3.8.2\mvn_repository\org\mybatis\spring\boot\mybatis-spring-boot-autoconfigure\2.2.1\mybatis-spring-boot-autoconfigure-2.2.1.jar;D:\software\apache-maven-3.8.2\mvn_repository\org\mybatis\mybatis\3.5.9\mybatis-3.5.9.jar;D:\software\apache-maven-3.8.2\mvn_repository\org\mybatis\mybatis-spring\2.0.6\mybatis-spring-2.0.6.jar;D:\software\apache-maven-3.8.2\mvn_repository\mysql\mysql-connector-java\8.0.27\mysql-connector-java-8.0.27.jar;D:\software\apache-maven-3.8.2\mvn_repository\org\projectlombok\lombok\1.18.22\lombok-1.18.22.jar;D:\software\apache-maven-3.8.2\mvn_repository\org\springframework\boot\spring-boot-starter-test\2.6.2\spring-boot-starter-test-2.6.2.jar;D:\software\apache-maven-3.8.2\mvn_repository\org\springframework\boot\spring-boot-test\2.6.2\spring-boot-test-2.6.2.jar;D:\software\apache-maven-3.8.2\mvn_repository\org\springframework\boot\spring-boot-test-autoconfigure\2.6.2\spring-boot-test-autoconfigure-2.6.2.jar;D:\software\apache-maven-3.8.2\mvn_repository\com\jayway\jsonpath\json-path\2.6.0\json-path-2.6.0.jar;D:\software\apache-maven-3.8.2\mvn_repository\net\minidev\json-smart\2.4.7\json-smart-2.4.7.jar;D:\software\apache-maven-3.8.2\mvn_repository\net\minidev\accessors-smart\2.4.7\accessors-smart-2.4.7.jar;D:\software\apache-maven-3.8.2\mvn_repository\jakarta\xml\bind\jakarta.xml.bind-api\2.3.3\jakarta.xml.bind-api-2.3.3.jar;D:\software\apache-maven-3.8.2\mvn_repository\jakarta\activation\jakarta.activation-api\1.2.2\jakarta.activation-api-1.2.2.jar;D:\software\apache-maven-3.8.2\mvn_repository\org\assertj\assertj-core\3.21.0\assertj-core-3.21.0.jar;D:\software\apache-maven-3.8.2\mvn_repository\org\hamcrest\hamcrest\2.2\hamcrest-2.2.jar;D:\software\apache-maven-3.8.2\mvn_repository\org\junit\jupiter\junit-jupiter\5.8.2\junit-jupiter-5.8.2.jar;D:\software\apache-maven-3.8.2\mvn_repository\org\junit\jupiter\junit-jupiter-api\5.8.2\junit-jupiter-api-5.8.2.jar;D:\software\apache-maven-3.8.2\mvn_repository\org\opentest4j\opentest4j\1.2.0\opentest4j-1.2.0.jar;D:\software\apache-maven-3.8.2\mvn_repository\org\junit\platform\junit-platform-commons\1.8.2\junit-platform-commons-1.8.2.jar;D:\software\apache-maven-3.8.2\mvn_repository\org\apiguardian\apiguardian-api\1.1.2\apiguardian-api-1.1.2.jar;D:\software\apache-maven-3.8.2\mvn_repository\org\junit\jupiter\junit-jupiter-params\5.8.2\junit-jupiter-params-5.8.2.jar;D:\software\apache-maven-3.8.2\mvn_repository\org\junit\jupiter\junit-jupiter-engine\5.8.2\junit-jupiter-engine-5.8.2.jar;D:\software\apache-maven-3.8.2\mvn_repository\org\junit\platform\junit-platform-engine\1.8.2\junit-platform-engine-1.8.2.jar;D:\software\apache-maven-3.8.2\mvn_repository\org\mockito\mockito-core\4.0.0\mockito-core-4.0.0.jar;D:\software\apache-maven-3.8.2\mvn_repository\net\bytebuddy\byte-buddy\1.11.22\byte-buddy-1.11.22.jar;D:\software\apache-maven-3.8.2\mvn_repository\net\bytebuddy\byte-buddy-agent\1.11.22\byte-buddy-agent-1.11.22.jar;D:\software\apache-maven-3.8.2\mvn_repository\org\objenesis\objenesis\3.2\objenesis-3.2.jar;D:\software\apache-maven-3.8.2\mvn_repository\org\mockito\mockito-junit-jupiter\4.0.0\mockito-junit-jupiter-4.0.0.jar;D:\software\apache-maven-3.8.2\mvn_repository\org\skyscreamer\jsonassert\1.5.0\jsonassert-1.5.0.jar;D:\software\apache-maven-3.8.2\mvn_repository\com\vaadin\external\google\android-json\0.0.20131108.vaadin1\android-json-0.0.20131108.vaadin1.jar;D:\software\apache-maven-3.8.2\mvn_repository\org\springframework\spring-core\5.3.14\spring-core-5.3.14.jar;D:\software\apache-maven-3.8.2\mvn_repository\org\springframework\spring-jcl\5.3.14\spring-jcl-5.3.14.jar;D:\software\apache-maven-3.8.2\mvn_repository\org\springframework\spring-test\5.3.14\spring-test-5.3.14.jar;D:\software\apache-maven-3.8.2\mvn_repository\org\xmlunit\xmlunit-core\2.8.4\xmlunit-core-2.8.4.jar;D:\software\apache-maven-3.8.2\mvn_repository\org\apache\httpcomponents\httpclient\4.2.1\httpclient-4.2.1.jar;D:\software\apache-maven-3.8.2\mvn_repository\commons-lang\commons-lang\2.6\commons-lang-2.6.jar;D:\software\apache-maven-3.8.2\mvn_repository\org\eclipse\jetty\jetty-util\9.3.7.v20160115\jetty-util-9.3.7.v20160115.jar;D:\software\apache-maven-3.8.2\mvn_repository\junit\junit\4.5\junit-4.5.jar;D:\software\apache-maven-3.8.2\mvn_repository\org\springframework\boot\spring-boot-starter-validation\2.6.2\spring-boot-starter-validation-2.6.2.jar;D:\software\apache-maven-3.8.2\mvn_repository\org\apache\tomcat\embed\tomcat-embed-el\9.0.56\tomcat-embed-el-9.0.56.jar;D:\software\apache-maven-3.8.2\mvn_repository\org\springframework\boot\spring-boot-starter-web\2.6.2\spring-boot-starter-web-2.6.2.jar;D:\software\apache-maven-3.8.2\mvn_repository\org\springframework\boot\spring-boot-starter-json\2.6.2\spring-boot-starter-json-2.6.2.jar;D:\software\apache-maven-3.8.2\mvn_repository\com\fasterxml\jackson\datatype\jackson-datatype-jdk8\2.13.1\jackson-datatype-jdk8-2.13.1.jar;D:\software\apache-maven-3.8.2\mvn_repository\com\fasterxml\jackson\datatype\jackson-datatype-jsr310\2.13.1\jackson-datatype-jsr310-2.13.1.jar;D:\software\apache-maven-3.8.2\mvn_repository\com\fasterxml\jackson\module\jackson-module-parameter-names\2.13.1\jackson-module-parameter-names-2.13.1.jar;D:\software\apache-maven-3.8.2\mvn_repository\org\springframework\boot\spring-boot-starter-tomcat\2.6.2\spring-boot-starter-tomcat-2.6.2.jar;D:\software\apache-maven-3.8.2\mvn_repository\org\apache\tomcat\embed\tomcat-embed-core\9.0.56\tomcat-embed-core-9.0.56.jar;D:\software\apache-maven-3.8.2\mvn_repository\org\apache\tomcat\embed\tomcat-embed-websocket\9.0.56\tomcat-embed-websocket-9.0.56.jar;D:\software\apache-maven-3.8.2\mvn_repository\org\springframework\spring-webmvc\5.3.14\spring-webmvc-5.3.14.jar;D:\software\apache-maven-3.8.2\mvn_repository\org\springframework\spring-context\5.3.14\spring-context-5.3.14.jar;D:\software\apache-maven-3.8.2\mvn_repository\org\springframework\spring-expression\5.3.14\spring-expression-5.3.14.jar;D:\software\apache-maven-3.8.2\mvn_repository\org\hibernate\validator\hibernate-validator\6.2.0.Final\hibernate-validator-6.2.0.Final.jar;D:\software\apache-maven-3.8.2\mvn_repository\jakarta\validation\jakarta.validation-api\2.0.2\jakarta.validation-api-2.0.2.jar;D:\software\apache-maven-3.8.2\mvn_repository\org\jboss\logging\jboss-logging\3.4.2.Final\jboss-logging-3.4.2.Final.jar;D:\software\apache-maven-3.8.2\mvn_repository\com\fasterxml\classmate\1.5.1\classmate-1.5.1.jar;D:\software\apache-maven-3.8.2\mvn_repository\org\springframework\spring-web\5.3.14\spring-web-5.3.14.jar;D:\software\apache-maven-3.8.2\mvn_repository\org\springframework\spring-beans\5.3.14\spring-beans-5.3.14.jar;D:\software\apache-maven-3.8.2\mvn_repository\cn\hutool\hutool-all\5.3.3\hutool-all-5.3.3.jar;D:\software\apache-maven-3.8.2\mvn_repository\javax\servlet\javax.servlet-api\3.1.0\javax.servlet-api-3.1.0.jar;D:\software\apache-maven-3.8.2\mvn_repository\commons-beanutils\commons-beanutils\1.9.3\commons-beanutils-1.9.3.jar;D:\software\apache-maven-3.8.2\mvn_repository\commons-logging\commons-logging\1.2\commons-logging-1.2.jar;D:\software\apache-maven-3.8.2\mvn_repository\commons-collections\commons-collections\3.2.2\commons-collections-3.2.2.jar;D:\software\apache-maven-3.8.2\mvn_repository\org\apache\commons\commons-lang3\3.4\commons-lang3-3.4.jar;D:\software\apache-maven-3.8.2\mvn_repository\com\alibaba\fastjson\1.2.31\fastjson-1.2.31.jar;D:\software\apache-maven-3.8.2\mvn_repository\org\springframework\boot\spring-boot-devtools\2.6.2\spring-boot-devtools-2.6.2.jar;D:\software\apache-maven-3.8.2\mvn_repository\org\springframework\boot\spring-boot\2.6.2\spring-boot-2.6.2.jar;D:\software\apache-maven-3.8.2\mvn_repository\org\springframework\boot\spring-boot-autoconfigure\2.6.2\spring-boot-autoconfigure-2.6.2.jar;D:\software\apache-maven-3.8.2\mvn_repository\commons-codec\commons-codec\1.15\commons-codec-1.15.jar;D:\software\apache-maven-3.8.2\mvn_repository\com\baomidou\mybatis-plus-generator\3.4.0\mybatis-plus-generator-3.4.0.jar;D:\software\apache-maven-3.8.2\mvn_repository\com\baomidou\mybatis-plus-extension\3.4.0\mybatis-plus-extension-3.4.0.jar;D:\software\apache-maven-3.8.2\mvn_repository\com\baomidou\mybatis-plus-core\3.4.0\mybatis-plus-core-3.4.0.jar;D:\software\apache-maven-3.8.2\mvn_repository\com\baomidou\mybatis-plus-annotation\3.4.0\mybatis-plus-annotation-3.4.0.jar;D:\software\apache-maven-3.8.2\mvn_repository\com\github\jsqlparser\jsqlparser\3.2\jsqlparser-3.2.jar;D:\software\apache-maven-3.8.2\mvn_repository\org\apache\maven\plugins\maven-compiler-plugin\3.8.1\maven-compiler-plugin-3.8.1.jar;D:\software\apache-maven-3.8.2\mvn_repository\org\apache\maven\maven-plugin-api\3.0\maven-plugin-api-3.0.jar;D:\software\apache-maven-3.8.2\mvn_repository\org\apache\maven\maven-model\3.0\maven-model-3.0.jar;D:\software\apache-maven-3.8.2\mvn_repository\org\sonatype\sisu\sisu-inject-plexus\1.4.2\sisu-inject-plexus-1.4.2.jar;D:\software\apache-maven-3.8.2\mvn_repository\org\sonatype\sisu\sisu-inject-bean\1.4.2\sisu-inject-bean-1.4.2.jar;D:\software\apache-maven-3.8.2\mvn_repository\org\sonatype\sisu\sisu-guice\2.1.7\sisu-guice-2.1.7-noaop.jar;D:\software\apache-maven-3.8.2\mvn_repository\org\apache\maven\maven-artifact\3.0\maven-artifact-3.0.jar;D:\software\apache-maven-3.8.2\mvn_repository\org\codehaus\plexus\plexus-utils\2.0.4\plexus-utils-2.0.4.jar;D:\software\apache-maven-3.8.2\mvn_repository\org\apache\maven\maven-core\3.0\maven-core-3.0.jar;D:\software\apache-maven-3.8.2\mvn_repository\org\apache\maven\maven-settings\3.0\maven-settings-3.0.jar;D:\software\apache-maven-3.8.2\mvn_repository\org\apache\maven\maven-settings-builder\3.0\maven-settings-builder-3.0.jar;D:\software\apache-maven-3.8.2\mvn_repository\org\apache\maven\maven-repository-metadata\3.0\maven-repository-metadata-3.0.jar;D:\software\apache-maven-3.8.2\mvn_repository\org\apache\maven\maven-model-builder\3.0\maven-model-builder-3.0.jar;D:\software\apache-maven-3.8.2\mvn_repository\org\apache\maven\maven-aether-provider\3.0\maven-aether-provider-3.0.jar;D:\software\apache-maven-3.8.2\mvn_repository\org\sonatype\aether\aether-impl\1.7\aether-impl-1.7.jar;D:\software\apache-maven-3.8.2\mvn_repository\org\sonatype\aether\aether-spi\1.7\aether-spi-1.7.jar;D:\software\apache-maven-3.8.2\mvn_repository\org\sonatype\aether\aether-api\1.7\aether-api-1.7.jar;D:\software\apache-maven-3.8.2\mvn_repository\org\sonatype\aether\aether-util\1.7\aether-util-1.7.jar;D:\software\apache-maven-3.8.2\mvn_repository\org\codehaus\plexus\plexus-interpolation\1.14\plexus-interpolation-1.14.jar;D:\software\apache-maven-3.8.2\mvn_repository\org\codehaus\plexus\plexus-classworlds\2.2.3\plexus-classworlds-2.2.3.jar;D:\software\apache-maven-3.8.2\mvn_repository\org\codehaus\plexus\plexus-component-annotations\1.5.5\plexus-component-annotations-1.5.5.jar;D:\software\apache-maven-3.8.2\mvn_repository\org\sonatype\plexus\plexus-sec-dispatcher\1.3\plexus-sec-dispatcher-1.3.jar;D:\software\apache-maven-3.8.2\mvn_repository\org\sonatype\plexus\plexus-cipher\1.4\plexus-cipher-1.4.jar;D:\software\apache-maven-3.8.2\mvn_repository\org\apache\maven\shared\maven-shared-utils\3.2.1\maven-shared-utils-3.2.1.jar;D:\software\apache-maven-3.8.2\mvn_repository\commons-io\commons-io\2.5\commons-io-2.5.jar;D:\software\apache-maven-3.8.2\mvn_repository\org\apache\maven\shared\maven-shared-incremental\1.1\maven-shared-incremental-1.1.jar;D:\software\apache-maven-3.8.2\mvn_repository\org\codehaus\plexus\plexus-java\0.9.10\plexus-java-0.9.10.jar;D:\software\apache-maven-3.8.2\mvn_repository\org\ow2\asm\asm\6.2\asm-6.2.jar;D:\software\apache-maven-3.8.2\mvn_repository\com\thoughtworks\qdox\qdox\2.0-M8\qdox-2.0-M8.jar;D:\software\apache-maven-3.8.2\mvn_repository\org\codehaus\plexus\plexus-compiler-api\2.8.4\plexus-compiler-api-2.8.4.jar;D:\software\apache-maven-3.8.2\mvn_repository\org\codehaus\plexus\plexus-compiler-manager\2.8.4\plexus-compiler-manager-2.8.4.jar;D:\software\apache-maven-3.8.2\mvn_repository\org\codehaus\plexus\plexus-compiler-javac\2.8.4\plexus-compiler-javac-2.8.4.jar;D:\software\apache-maven-3.8.2\mvn_repository\com\baomidou\mybatis-plus-boot-starter\3.4.0\mybatis-plus-boot-starter-3.4.0.jar;D:\software\apache-maven-3.8.2\mvn_repository\com\baomidou\mybatis-plus\3.4.0\mybatis-plus-3.4.0.jar;D:\software\apache-maven-3.8.2\mvn_repository\org\freemarker\freemarker\2.3.30\freemarker-2.3.30.jar;D:\software\apache-maven-3.8.2\mvn_repository\org\springframework\data\spring-data-redis\2.6.0\spring-data-redis-2.6.0.jar;D:\software\apache-maven-3.8.2\mvn_repository\org\springframework\data\spring-data-keyvalue\2.6.0\spring-data-keyvalue-2.6.0.jar;D:\software\apache-maven-3.8.2\mvn_repository\org\springframework\data\spring-data-commons\2.6.0\spring-data-commons-2.6.0.jar;D:\software\apache-maven-3.8.2\mvn_repository\org\springframework\spring-tx\5.3.14\spring-tx-5.3.14.jar;D:\software\apache-maven-3.8.2\mvn_repository\org\springframework\spring-oxm\5.3.14\spring-oxm-5.3.14.jar;D:\software\apache-maven-3.8.2\mvn_repository\org\springframework\spring-aop\5.3.14\spring-aop-5.3.14.jar;D:\software\apache-maven-3.8.2\mvn_repository\org\springframework\spring-context-support\5.3.14\spring-context-support-5.3.14.jar;D:\software\apache-maven-3.8.2\mvn_repository\org\slf4j\slf4j-api\1.7.32\slf4j-api-1.7.32.jar;D:\software\apache-maven-3.8.2\mvn_repository\net\sf\json-lib\json-lib\2.4\json-lib-2.4-jdk15.jar;D:\software\apache-maven-3.8.2\mvn_repository\net\sf\ezmorph\ezmorph\1.0.6\ezmorph-1.0.6.jar;D:\software\apache-maven-3.8.2\mvn_repository\com\auth0\java-jwt\3.3.0\java-jwt-3.3.0.jar;D:\software\apache-maven-3.8.2\mvn_repository\com\fasterxml\jackson\core\jackson-databind\2.13.1\jackson-databind-2.13.1.jar;D:\software\apache-maven-3.8.2\mvn_repository\com\fasterxml\jackson\core\jackson-annotations\2.13.1\jackson-annotations-2.13.1.jar;D:\software\apache-maven-3.8.2\mvn_repository\com\fasterxml\jackson\core\jackson-core\2.13.1\jackson-core-2.13.1.jar;D:\software\apache-maven-3.8.2\mvn_repository\org\apache\httpcomponents\httpcore\4.2.1\httpcore-4.2.1.jar;"/>
    <property name="java.vm.vendor" value="Oracle Corporation"/>
    <property name="sun.arch.data.model" value="64"/>
    <property name="user.variant" value=""/>
    <property name="java.vendor.url" value="http://java.oracle.com/"/>
    <property name="user.timezone" value="Asia/Shanghai"/>
    <property name="java.vm.specification.version" value="1.8"/>
    <property name="os.name" value="Windows 10"/>
    <property name="user.country" value="CN"/>
    <property name="sun.java.launcher" value="SUN_STANDARD"/>
    <property name="sun.boot.library.path" value="C:\Program Files\Java\jdk1.8.0_221\jre\bin"/>
    <property name="sun.java.command" value="C:\Users\lenovo\AppData\Local\Temp\surefire1284817911007733032\surefirebooter3939615064717124977.jar C:\Users\lenovo\AppData\Local\Temp\surefire1284817911007733032 2022-04-15T14-35-58_127-jvmRun1 surefire9064100323415828927tmp surefire_04382920150772443386tmp"/>
    <property name="surefire.test.class.path" value="E:\project\target\test-classes;E:\project\target\classes;D:\software\apache-maven-3.8.2\mvn_repository\org\springframework\boot\spring-boot-starter-data-redis\2.6.2\spring-boot-starter-data-redis-2.6.2.jar;D:\software\apache-maven-3.8.2\mvn_repository\org\springframework\boot\spring-boot-starter\2.6.2\spring-boot-starter-2.6.2.jar;D:\software\apache-maven-3.8.2\mvn_repository\org\springframework\boot\spring-boot-starter-logging\2.6.2\spring-boot-starter-logging-2.6.2.jar;D:\software\apache-maven-3.8.2\mvn_repository\ch\qos\logback\logback-classic\1.2.9\logback-classic-1.2.9.jar;D:\software\apache-maven-3.8.2\mvn_repository\ch\qos\logback\logback-core\1.2.9\logback-core-1.2.9.jar;D:\software\apache-maven-3.8.2\mvn_repository\org\apache\logging\log4j\log4j-to-slf4j\2.17.0\log4j-to-slf4j-2.17.0.jar;D:\software\apache-maven-3.8.2\mvn_repository\org\apache\logging\log4j\log4j-api\2.17.0\log4j-api-2.17.0.jar;D:\software\apache-maven-3.8.2\mvn_repository\org\slf4j\jul-to-slf4j\1.7.32\jul-to-slf4j-1.7.32.jar;D:\software\apache-maven-3.8.2\mvn_repository\jakarta\annotation\jakarta.annotation-api\1.3.5\jakarta.annotation-api-1.3.5.jar;D:\software\apache-maven-3.8.2\mvn_repository\org\yaml\snakeyaml\1.29\snakeyaml-1.29.jar;D:\software\apache-maven-3.8.2\mvn_repository\io\lettuce\lettuce-core\6.1.5.RELEASE\lettuce-core-6.1.5.RELEASE.jar;D:\software\apache-maven-3.8.2\mvn_repository\io\netty\netty-common\4.1.72.Final\netty-common-4.1.72.Final.jar;D:\software\apache-maven-3.8.2\mvn_repository\io\netty\netty-handler\4.1.72.Final\netty-handler-4.1.72.Final.jar;D:\software\apache-maven-3.8.2\mvn_repository\io\netty\netty-resolver\4.1.72.Final\netty-resolver-4.1.72.Final.jar;D:\software\apache-maven-3.8.2\mvn_repository\io\netty\netty-buffer\4.1.72.Final\netty-buffer-4.1.72.Final.jar;D:\software\apache-maven-3.8.2\mvn_repository\io\netty\netty-codec\4.1.72.Final\netty-codec-4.1.72.Final.jar;D:\software\apache-maven-3.8.2\mvn_repository\io\netty\netty-tcnative-classes\2.0.46.Final\netty-tcnative-classes-2.0.46.Final.jar;D:\software\apache-maven-3.8.2\mvn_repository\io\netty\netty-transport\4.1.72.Final\netty-transport-4.1.72.Final.jar;D:\software\apache-maven-3.8.2\mvn_repository\io\projectreactor\reactor-core\3.4.13\reactor-core-3.4.13.jar;D:\software\apache-maven-3.8.2\mvn_repository\org\reactivestreams\reactive-streams\1.0.3\reactive-streams-1.0.3.jar;D:\software\apache-maven-3.8.2\mvn_repository\org\mybatis\spring\boot\mybatis-spring-boot-starter\2.2.1\mybatis-spring-boot-starter-2.2.1.jar;D:\software\apache-maven-3.8.2\mvn_repository\org\springframework\boot\spring-boot-starter-jdbc\2.6.2\spring-boot-starter-jdbc-2.6.2.jar;D:\software\apache-maven-3.8.2\mvn_repository\com\zaxxer\HikariCP\4.0.3\HikariCP-4.0.3.jar;D:\software\apache-maven-3.8.2\mvn_repository\org\springframework\spring-jdbc\5.3.14\spring-jdbc-5.3.14.jar;D:\software\apache-maven-3.8.2\mvn_repository\org\mybatis\spring\boot\mybatis-spring-boot-autoconfigure\2.2.1\mybatis-spring-boot-autoconfigure-2.2.1.jar;D:\software\apache-maven-3.8.2\mvn_repository\org\mybatis\mybatis\3.5.9\mybatis-3.5.9.jar;D:\software\apache-maven-3.8.2\mvn_repository\org\mybatis\mybatis-spring\2.0.6\mybatis-spring-2.0.6.jar;D:\software\apache-maven-3.8.2\mvn_repository\mysql\mysql-connector-java\8.0.27\mysql-connector-java-8.0.27.jar;D:\software\apache-maven-3.8.2\mvn_repository\org\projectlombok\lombok\1.18.22\lombok-1.18.22.jar;D:\software\apache-maven-3.8.2\mvn_repository\org\springframework\boot\spring-boot-starter-test\2.6.2\spring-boot-starter-test-2.6.2.jar;D:\software\apache-maven-3.8.2\mvn_repository\org\springframework\boot\spring-boot-test\2.6.2\spring-boot-test-2.6.2.jar;D:\software\apache-maven-3.8.2\mvn_repository\org\springframework\boot\spring-boot-test-autoconfigure\2.6.2\spring-boot-test-autoconfigure-2.6.2.jar;D:\software\apache-maven-3.8.2\mvn_repository\com\jayway\jsonpath\json-path\2.6.0\json-path-2.6.0.jar;D:\software\apache-maven-3.8.2\mvn_repository\net\minidev\json-smart\2.4.7\json-smart-2.4.7.jar;D:\software\apache-maven-3.8.2\mvn_repository\net\minidev\accessors-smart\2.4.7\accessors-smart-2.4.7.jar;D:\software\apache-maven-3.8.2\mvn_repository\jakarta\xml\bind\jakarta.xml.bind-api\2.3.3\jakarta.xml.bind-api-2.3.3.jar;D:\software\apache-maven-3.8.2\mvn_repository\jakarta\activation\jakarta.activation-api\1.2.2\jakarta.activation-api-1.2.2.jar;D:\software\apache-maven-3.8.2\mvn_repository\org\assertj\assertj-core\3.21.0\assertj-core-3.21.0.jar;D:\software\apache-maven-3.8.2\mvn_repository\org\hamcrest\hamcrest\2.2\hamcrest-2.2.jar;D:\software\apache-maven-3.8.2\mvn_repository\org\junit\jupiter\junit-jupiter\5.8.2\junit-jupiter-5.8.2.jar;D:\software\apache-maven-3.8.2\mvn_repository\org\junit\jupiter\junit-jupiter-api\5.8.2\junit-jupiter-api-5.8.2.jar;D:\software\apache-maven-3.8.2\mvn_repository\org\opentest4j\opentest4j\1.2.0\opentest4j-1.2.0.jar;D:\software\apache-maven-3.8.2\mvn_repository\org\junit\platform\junit-platform-commons\1.8.2\junit-platform-commons-1.8.2.jar;D:\software\apache-maven-3.8.2\mvn_repository\org\apiguardian\apiguardian-api\1.1.2\apiguardian-api-1.1.2.jar;D:\software\apache-maven-3.8.2\mvn_repository\org\junit\jupiter\junit-jupiter-params\5.8.2\junit-jupiter-params-5.8.2.jar;D:\software\apache-maven-3.8.2\mvn_repository\org\junit\jupiter\junit-jupiter-engine\5.8.2\junit-jupiter-engine-5.8.2.jar;D:\software\apache-maven-3.8.2\mvn_repository\org\junit\platform\junit-platform-engine\1.8.2\junit-platform-engine-1.8.2.jar;D:\software\apache-maven-3.8.2\mvn_repository\org\mockito\mockito-core\4.0.0\mockito-core-4.0.0.jar;D:\software\apache-maven-3.8.2\mvn_repository\net\bytebuddy\byte-buddy\1.11.22\byte-buddy-1.11.22.jar;D:\software\apache-maven-3.8.2\mvn_repository\net\bytebuddy\byte-buddy-agent\1.11.22\byte-buddy-agent-1.11.22.jar;D:\software\apache-maven-3.8.2\mvn_repository\org\objenesis\objenesis\3.2\objenesis-3.2.jar;D:\software\apache-maven-3.8.2\mvn_repository\org\mockito\mockito-junit-jupiter\4.0.0\mockito-junit-jupiter-4.0.0.jar;D:\software\apache-maven-3.8.2\mvn_repository\org\skyscreamer\jsonassert\1.5.0\jsonassert-1.5.0.jar;D:\software\apache-maven-3.8.2\mvn_repository\com\vaadin\external\google\android-json\0.0.20131108.vaadin1\android-json-0.0.20131108.vaadin1.jar;D:\software\apache-maven-3.8.2\mvn_repository\org\springframework\spring-core\5.3.14\spring-core-5.3.14.jar;D:\software\apache-maven-3.8.2\mvn_repository\org\springframework\spring-jcl\5.3.14\spring-jcl-5.3.14.jar;D:\software\apache-maven-3.8.2\mvn_repository\org\springframework\spring-test\5.3.14\spring-test-5.3.14.jar;D:\software\apache-maven-3.8.2\mvn_repository\org\xmlunit\xmlunit-core\2.8.4\xmlunit-core-2.8.4.jar;D:\software\apache-maven-3.8.2\mvn_repository\org\apache\httpcomponents\httpclient\4.2.1\httpclient-4.2.1.jar;D:\software\apache-maven-3.8.2\mvn_repository\commons-lang\commons-lang\2.6\commons-lang-2.6.jar;D:\software\apache-maven-3.8.2\mvn_repository\org\eclipse\jetty\jetty-util\9.3.7.v20160115\jetty-util-9.3.7.v20160115.jar;D:\software\apache-maven-3.8.2\mvn_repository\junit\junit\4.5\junit-4.5.jar;D:\software\apache-maven-3.8.2\mvn_repository\org\springframework\boot\spring-boot-starter-validation\2.6.2\spring-boot-starter-validation-2.6.2.jar;D:\software\apache-maven-3.8.2\mvn_repository\org\apache\tomcat\embed\tomcat-embed-el\9.0.56\tomcat-embed-el-9.0.56.jar;D:\software\apache-maven-3.8.2\mvn_repository\org\springframework\boot\spring-boot-starter-web\2.6.2\spring-boot-starter-web-2.6.2.jar;D:\software\apache-maven-3.8.2\mvn_repository\org\springframework\boot\spring-boot-starter-json\2.6.2\spring-boot-starter-json-2.6.2.jar;D:\software\apache-maven-3.8.2\mvn_repository\com\fasterxml\jackson\datatype\jackson-datatype-jdk8\2.13.1\jackson-datatype-jdk8-2.13.1.jar;D:\software\apache-maven-3.8.2\mvn_repository\com\fasterxml\jackson\datatype\jackson-datatype-jsr310\2.13.1\jackson-datatype-jsr310-2.13.1.jar;D:\software\apache-maven-3.8.2\mvn_repository\com\fasterxml\jackson\module\jackson-module-parameter-names\2.13.1\jackson-module-parameter-names-2.13.1.jar;D:\software\apache-maven-3.8.2\mvn_repository\org\springframework\boot\spring-boot-starter-tomcat\2.6.2\spring-boot-starter-tomcat-2.6.2.jar;D:\software\apache-maven-3.8.2\mvn_repository\org\apache\tomcat\embed\tomcat-embed-core\9.0.56\tomcat-embed-core-9.0.56.jar;D:\software\apache-maven-3.8.2\mvn_repository\org\apache\tomcat\embed\tomcat-embed-websocket\9.0.56\tomcat-embed-websocket-9.0.56.jar;D:\software\apache-maven-3.8.2\mvn_repository\org\springframework\spring-webmvc\5.3.14\spring-webmvc-5.3.14.jar;D:\software\apache-maven-3.8.2\mvn_repository\org\springframework\spring-context\5.3.14\spring-context-5.3.14.jar;D:\software\apache-maven-3.8.2\mvn_repository\org\springframework\spring-expression\5.3.14\spring-expression-5.3.14.jar;D:\software\apache-maven-3.8.2\mvn_repository\org\hibernate\validator\hibernate-validator\6.2.0.Final\hibernate-validator-6.2.0.Final.jar;D:\software\apache-maven-3.8.2\mvn_repository\jakarta\validation\jakarta.validation-api\2.0.2\jakarta.validation-api-2.0.2.jar;D:\software\apache-maven-3.8.2\mvn_repository\org\jboss\logging\jboss-logging\3.4.2.Final\jboss-logging-3.4.2.Final.jar;D:\software\apache-maven-3.8.2\mvn_repository\com\fasterxml\classmate\1.5.1\classmate-1.5.1.jar;D:\software\apache-maven-3.8.2\mvn_repository\org\springframework\spring-web\5.3.14\spring-web-5.3.14.jar;D:\software\apache-maven-3.8.2\mvn_repository\org\springframework\spring-beans\5.3.14\spring-beans-5.3.14.jar;D:\software\apache-maven-3.8.2\mvn_repository\cn\hutool\hutool-all\5.3.3\hutool-all-5.3.3.jar;D:\software\apache-maven-3.8.2\mvn_repository\javax\servlet\javax.servlet-api\3.1.0\javax.servlet-api-3.1.0.jar;D:\software\apache-maven-3.8.2\mvn_repository\commons-beanutils\commons-beanutils\1.9.3\commons-beanutils-1.9.3.jar;D:\software\apache-maven-3.8.2\mvn_repository\commons-logging\commons-logging\1.2\commons-logging-1.2.jar;D:\software\apache-maven-3.8.2\mvn_repository\commons-collections\commons-collections\3.2.2\commons-collections-3.2.2.jar;D:\software\apache-maven-3.8.2\mvn_repository\org\apache\commons\commons-lang3\3.4\commons-lang3-3.4.jar;D:\software\apache-maven-3.8.2\mvn_repository\com\alibaba\fastjson\1.2.31\fastjson-1.2.31.jar;D:\software\apache-maven-3.8.2\mvn_repository\org\springframework\boot\spring-boot-devtools\2.6.2\spring-boot-devtools-2.6.2.jar;D:\software\apache-maven-3.8.2\mvn_repository\org\springframework\boot\spring-boot\2.6.2\spring-boot-2.6.2.jar;D:\software\apache-maven-3.8.2\mvn_repository\org\springframework\boot\spring-boot-autoconfigure\2.6.2\spring-boot-autoconfigure-2.6.2.jar;D:\software\apache-maven-3.8.2\mvn_repository\commons-codec\commons-codec\1.15\commons-codec-1.15.jar;D:\software\apache-maven-3.8.2\mvn_repository\com\baomidou\mybatis-plus-generator\3.4.0\mybatis-plus-generator-3.4.0.jar;D:\software\apache-maven-3.8.2\mvn_repository\com\baomidou\mybatis-plus-extension\3.4.0\mybatis-plus-extension-3.4.0.jar;D:\software\apache-maven-3.8.2\mvn_repository\com\baomidou\mybatis-plus-core\3.4.0\mybatis-plus-core-3.4.0.jar;D:\software\apache-maven-3.8.2\mvn_repository\com\baomidou\mybatis-plus-annotation\3.4.0\mybatis-plus-annotation-3.4.0.jar;D:\software\apache-maven-3.8.2\mvn_repository\com\github\jsqlparser\jsqlparser\3.2\jsqlparser-3.2.jar;D:\software\apache-maven-3.8.2\mvn_repository\org\apache\maven\plugins\maven-compiler-plugin\3.8.1\maven-compiler-plugin-3.8.1.jar;D:\software\apache-maven-3.8.2\mvn_repository\org\apache\maven\maven-plugin-api\3.0\maven-plugin-api-3.0.jar;D:\software\apache-maven-3.8.2\mvn_repository\org\apache\maven\maven-model\3.0\maven-model-3.0.jar;D:\software\apache-maven-3.8.2\mvn_repository\org\sonatype\sisu\sisu-inject-plexus\1.4.2\sisu-inject-plexus-1.4.2.jar;D:\software\apache-maven-3.8.2\mvn_repository\org\sonatype\sisu\sisu-inject-bean\1.4.2\sisu-inject-bean-1.4.2.jar;D:\software\apache-maven-3.8.2\mvn_repository\org\sonatype\sisu\sisu-guice\2.1.7\sisu-guice-2.1.7-noaop.jar;D:\software\apache-maven-3.8.2\mvn_repository\org\apache\maven\maven-artifact\3.0\maven-artifact-3.0.jar;D:\software\apache-maven-3.8.2\mvn_repository\org\codehaus\plexus\plexus-utils\2.0.4\plexus-utils-2.0.4.jar;D:\software\apache-maven-3.8.2\mvn_repository\org\apache\maven\maven-core\3.0\maven-core-3.0.jar;D:\software\apache-maven-3.8.2\mvn_repository\org\apache\maven\maven-settings\3.0\maven-settings-3.0.jar;D:\software\apache-maven-3.8.2\mvn_repository\org\apache\maven\maven-settings-builder\3.0\maven-settings-builder-3.0.jar;D:\software\apache-maven-3.8.2\mvn_repository\org\apache\maven\maven-repository-metadata\3.0\maven-repository-metadata-3.0.jar;D:\software\apache-maven-3.8.2\mvn_repository\org\apache\maven\maven-model-builder\3.0\maven-model-builder-3.0.jar;D:\software\apache-maven-3.8.2\mvn_repository\org\apache\maven\maven-aether-provider\3.0\maven-aether-provider-3.0.jar;D:\software\apache-maven-3.8.2\mvn_repository\org\sonatype\aether\aether-impl\1.7\aether-impl-1.7.jar;D:\software\apache-maven-3.8.2\mvn_repository\org\sonatype\aether\aether-spi\1.7\aether-spi-1.7.jar;D:\software\apache-maven-3.8.2\mvn_repository\org\sonatype\aether\aether-api\1.7\aether-api-1.7.jar;D:\software\apache-maven-3.8.2\mvn_repository\org\sonatype\aether\aether-util\1.7\aether-util-1.7.jar;D:\software\apache-maven-3.8.2\mvn_repository\org\codehaus\plexus\plexus-interpolation\1.14\plexus-interpolation-1.14.jar;D:\software\apache-maven-3.8.2\mvn_repository\org\codehaus\plexus\plexus-classworlds\2.2.3\plexus-classworlds-2.2.3.jar;D:\software\apache-maven-3.8.2\mvn_repository\org\codehaus\plexus\plexus-component-annotations\1.5.5\plexus-component-annotations-1.5.5.jar;D:\software\apache-maven-3.8.2\mvn_repository\org\sonatype\plexus\plexus-sec-dispatcher\1.3\plexus-sec-dispatcher-1.3.jar;D:\software\apache-maven-3.8.2\mvn_repository\org\sonatype\plexus\plexus-cipher\1.4\plexus-cipher-1.4.jar;D:\software\apache-maven-3.8.2\mvn_repository\org\apache\maven\shared\maven-shared-utils\3.2.1\maven-shared-utils-3.2.1.jar;D:\software\apache-maven-3.8.2\mvn_repository\commons-io\commons-io\2.5\commons-io-2.5.jar;D:\software\apache-maven-3.8.2\mvn_repository\org\apache\maven\shared\maven-shared-incremental\1.1\maven-shared-incremental-1.1.jar;D:\software\apache-maven-3.8.2\mvn_repository\org\codehaus\plexus\plexus-java\0.9.10\plexus-java-0.9.10.jar;D:\software\apache-maven-3.8.2\mvn_repository\org\ow2\asm\asm\6.2\asm-6.2.jar;D:\software\apache-maven-3.8.2\mvn_repository\com\thoughtworks\qdox\qdox\2.0-M8\qdox-2.0-M8.jar;D:\software\apache-maven-3.8.2\mvn_repository\org\codehaus\plexus\plexus-compiler-api\2.8.4\plexus-compiler-api-2.8.4.jar;D:\software\apache-maven-3.8.2\mvn_repository\org\codehaus\plexus\plexus-compiler-manager\2.8.4\plexus-compiler-manager-2.8.4.jar;D:\software\apache-maven-3.8.2\mvn_repository\org\codehaus\plexus\plexus-compiler-javac\2.8.4\plexus-compiler-javac-2.8.4.jar;D:\software\apache-maven-3.8.2\mvn_repository\com\baomidou\mybatis-plus-boot-starter\3.4.0\mybatis-plus-boot-starter-3.4.0.jar;D:\software\apache-maven-3.8.2\mvn_repository\com\baomidou\mybatis-plus\3.4.0\mybatis-plus-3.4.0.jar;D:\software\apache-maven-3.8.2\mvn_repository\org\freemarker\freemarker\2.3.30\freemarker-2.3.30.jar;D:\software\apache-maven-3.8.2\mvn_repository\org\springframework\data\spring-data-redis\2.6.0\spring-data-redis-2.6.0.jar;D:\software\apache-maven-3.8.2\mvn_repository\org\springframework\data\spring-data-keyvalue\2.6.0\spring-data-keyvalue-2.6.0.jar;D:\software\apache-maven-3.8.2\mvn_repository\org\springframework\data\spring-data-commons\2.6.0\spring-data-commons-2.6.0.jar;D:\software\apache-maven-3.8.2\mvn_repository\org\springframework\spring-tx\5.3.14\spring-tx-5.3.14.jar;D:\software\apache-maven-3.8.2\mvn_repository\org\springframework\spring-oxm\5.3.14\spring-oxm-5.3.14.jar;D:\software\apache-maven-3.8.2\mvn_repository\org\springframework\spring-aop\5.3.14\spring-aop-5.3.14.jar;D:\software\apache-maven-3.8.2\mvn_repository\org\springframework\spring-context-support\5.3.14\spring-context-support-5.3.14.jar;D:\software\apache-maven-3.8.2\mvn_repository\org\slf4j\slf4j-api\1.7.32\slf4j-api-1.7.32.jar;D:\software\apache-maven-3.8.2\mvn_repository\net\sf\json-lib\json-lib\2.4\json-lib-2.4-jdk15.jar;D:\software\apache-maven-3.8.2\mvn_repository\net\sf\ezmorph\ezmorph\1.0.6\ezmorph-1.0.6.jar;D:\software\apache-maven-3.8.2\mvn_repository\com\auth0\java-jwt\3.3.0\java-jwt-3.3.0.jar;D:\software\apache-maven-3.8.2\mvn_repository\com\fasterxml\jackson\core\jackson-databind\2.13.1\jackson-databind-2.13.1.jar;D:\software\apache-maven-3.8.2\mvn_repository\com\fasterxml\jackson\core\jackson-annotations\2.13.1\jackson-annotations-2.13.1.jar;D:\software\apache-maven-3.8.2\mvn_repository\com\fasterxml\jackson\core\jackson-core\2.13.1\jackson-core-2.13.1.jar;D:\software\apache-maven-3.8.2\mvn_repository\org\apache\httpcomponents\httpcore\4.2.1\httpcore-4.2.1.jar;"/>
    <property name="sun.cpu.endian" value="little"/>
    <property name="user.home" value="C:\Users\lenovo"/>
    <property name="user.language" value="zh"/>
    <property name="java.specification.vendor" value="Oracle Corporation"/>
    <property name="java.home" value="C:\Program Files\Java\jdk1.8.0_221\jre"/>
    <property name="basedir" value="E:\project"/>
    <property name="file.separator" value="\"/>
    <property name="line.separator" value="&#10;"/>
    <property name="java.vm.specification.vendor" value="Oracle Corporation"/>
    <property name="java.specification.name" value="Java Platform API Specification"/>
    <property name="java.awt.graphicsenv" value="sun.awt.Win32GraphicsEnvironment"/>
    <property name="idea.version2020.1.2" value="true"/>
    <property name="surefire.real.class.path" value="C:\Users\lenovo\AppData\Local\Temp\surefire1284817911007733032\surefirebooter3939615064717124977.jar"/>
    <property name="sun.boot.class.path" value="C:\Program Files\Java\jdk1.8.0_221\jre\lib\resources.jar;C:\Program Files\Java\jdk1.8.0_221\jre\lib\rt.jar;C:\Program Files\Java\jdk1.8.0_221\jre\lib\sunrsasign.jar;C:\Program Files\Java\jdk1.8.0_221\jre\lib\jsse.jar;C:\Program Files\Java\jdk1.8.0_221\jre\lib\jce.jar;C:\Program Files\Java\jdk1.8.0_221\jre\lib\charsets.jar;C:\Program Files\Java\jdk1.8.0_221\jre\lib\jfr.jar;C:\Program Files\Java\jdk1.8.0_221\jre\classes"/>
    <property name="user.script" value=""/>
    <property name="sun.management.compiler" value="HotSpot 64-Bit Tiered Compilers"/>
    <property name="java.runtime.version" value="1.8.0_221-b11"/>
    <property name="user.name" value="lenovo"/>
    <property name="path.separator" value=";"/>
    <property name="os.version" value="10.0"/>
    <property name="java.endorsed.dirs" value="C:\Program Files\Java\jdk1.8.0_221\jre\lib\endorsed"/>
    <property name="java.runtime.name" value="Java(TM) SE Runtime Environment"/>
    <property name="file.encoding" value="GBK"/>
    <property name="java.vm.name" value="Java HotSpot(TM) 64-Bit Server VM"/>
    <property name="localRepository" value="D:\software\apache-maven-3.8.2\mvn_repository"/>
    <property name="java.vendor.url.bug" value="http://bugreport.sun.com/bugreport/"/>
    <property name="java.io.tmpdir" value="C:\Users\lenovo\AppData\Local\Temp\"/>
    <property name="java.version" value="1.8.0_221"/>
    <property name="user.dir" value="E:\project"/>
    <property name="os.arch" value="amd64"/>
    <property name="java.vm.specification.name" value="Java Virtual Machine Specification"/>
    <property name="java.awt.printerjob" value="sun.awt.windows.WPrinterJob"/>
    <property name="sun.os.patch.level" value=""/>
    <property name="java.library.path" value="C:\Program Files\Java\jdk1.8.0_221\jre\bin;C:\WINDOWS\Sun\Java\bin;C:\WINDOWS\system32;C:\WINDOWS;D:\software\VMware\bin\;C:\Program Files (x86)\Common Files\Oracle\Java\javapath;C:\Windows\system32;C:\Windows;C:\Windows\System32\Wbem;C:\Windows\System32\WindowsPowerShell\v1.0\;C:\Windows\System32\OpenSSH\;C:\Program Files (x86)\NVIDIA Corporation\PhysX\Common;C:\Program Files\NVIDIA Corporation\NVIDIA NvDLISR;C:\Users\lenovo\AppData\Local\Microsoft\WindowsApps;C:\MinGW\bin;C:\Program Files\Microsoft SQL Server\130\Tools\Binn\;C:\Program Files\java\jdk1.8.0_221\bin;D:\mysql-8.0.23-winx64\bin;C:\Program Files\Git\cmd;C:\WINDOWS\system32;C:\WINDOWS;C:\WINDOWS\System32\Wbem;C:\WINDOWS\System32\WindowsPowerShell\v1.0\;C:\WINDOWS\System32\OpenSSH\;C:\Program Files\java\jdk1.8.0_221\jre\bin;D:\software\apache-maven-3.8.2\bin;D:\matlab\runtime\win64;D:\matlab\bin;D:\matlab\polyspace\bin;D:\software\;D:\software\anaconda;D:\software\anaconda\Library\mingw-w64\bin;D:\software\anaconda\Library\usr\bin;D:\software\anaconda\Library\bin;D:\software\anaconda\Scripts;C:\Users\lenovo\AppData\Local\Programs\Python\Python37-32\Scripts\;C:\Users\lenovo\AppData\Local\Programs\Python\Python37-32\;C:\Program Files\Bandizip\;D:\IntelliJ IDEA 2020.1.2\bin;C:\Program Files\JetBrains\PyCharm Community Edition 2021.1\bin;C:\Users\lenovo\AppData\Roaming\npm;."/>
    <property name="java.vm.info" value="mixed mode"/>
    <property name="java.vendor" value="Oracle Corporation"/>
    <property name="java.vm.version" value="25.221-b11"/>
    <property name="java.ext.dirs" value="C:\Program Files\Java\jdk1.8.0_221\jre\lib\ext;C:\WINDOWS\Sun\Java\lib\ext"/>
    <property name="sun.io.unicode.encoding" value="UnicodeLittle"/>
    <property name="maven.repo.local" value="D:\software\apache-maven-3.8.2\mvn_repository"/>
    <property name="java.class.version" value="52.0"/>
  </properties>
  <testcase name="contextLoads" classname="com.test.csq.CsqApplicationTests" time="0.23"/>
</testsuite>